In file included from ../../../testbench.cpp:17:
In file included from ../../../test.h:18:
In file included from /tools/Xilinx/Vitis_HLS/2022.1/include/ap_int.h:56:
In file included from /tools/Xilinx/Vitis_HLS/2022.1/include/ap_common.h:710:
/tools/Xilinx/Vitis_HLS/2022.1/include/etc/ap_private.h:57:32: warning: unknown warning group '-Wint-in-bool-context', ignored [-Wunknown-warning-option]
#pragma GCC diagnostic ignored "-Wint-in-bool-context"
                               ^
/tools/Xilinx/Vitis_HLS/2022.1/include/etc/ap_private.h:58:32: warning: unknown warning group '-Wmaybe-uninitialized', ignored [-Wunknown-warning-option]
#pragma GCC diagnostic ignored "-Wmaybe-uninitialized"
                               ^
In file included from ../../../testbench.cpp:17:
In file included from ../../../test.h:18:
In file included from /tools/Xilinx/Vitis_HLS/2022.1/include/ap_int.h:57:
/tools/Xilinx/Vitis_HLS/2022.1/include/ap_int_base.h:69:32: warning: unknown warning group '-Wint-in-bool-context', ignored [-Wunknown-warning-option]
#pragma GCC diagnostic ignored "-Wint-in-bool-context"
                               ^
/tools/Xilinx/Vitis_HLS/2022.1/include/ap_int_base.h:70:32: warning: unknown warning group '-Wmaybe-uninitialized', ignored [-Wunknown-warning-option]
#pragma GCC diagnostic ignored "-Wmaybe-uninitialized"
                               ^
4 warnings generated.
../../../test.cpp:18:44: warning: backslash and newline separated by space [-Wbackslash-newline-escape]
//                   /                     \               
                                           ^
In file included from ../../../test.cpp:23:
In file included from ../../../test.h:18:
In file included from /tools/Xilinx/Vitis_HLS/2022.1/include/ap_int.h:56:
In file included from /tools/Xilinx/Vitis_HLS/2022.1/include/ap_common.h:710:
/tools/Xilinx/Vitis_HLS/2022.1/include/etc/ap_private.h:57:32: warning: unknown warning group '-Wint-in-bool-context', ignored [-Wunknown-warning-option]
#pragma GCC diagnostic ignored "-Wint-in-bool-context"
                               ^
/tools/Xilinx/Vitis_HLS/2022.1/include/etc/ap_private.h:58:32: warning: unknown warning group '-Wmaybe-uninitialized', ignored [-Wunknown-warning-option]
#pragma GCC diagnostic ignored "-Wmaybe-uninitialized"
                               ^
In file included from ../../../test.cpp:23:
In file included from ../../../test.h:18:
In file included from /tools/Xilinx/Vitis_HLS/2022.1/include/ap_int.h:57:
/tools/Xilinx/Vitis_HLS/2022.1/include/ap_int_base.h:69:32: warning: unknown warning group '-Wint-in-bool-context', ignored [-Wunknown-warning-option]
#pragma GCC diagnostic ignored "-Wint-in-bool-context"
                               ^
/tools/Xilinx/Vitis_HLS/2022.1/include/ap_int_base.h:70:32: warning: unknown warning group '-Wmaybe-uninitialized', ignored [-Wunknown-warning-option]
#pragma GCC diagnostic ignored "-Wmaybe-uninitialized"
                               ^
5 warnings generated.
Function:_Z10vector_addPiiS_iiS_ ---> FID:1
Function:_Z8rerArrayPiiS_iiS_ ---> FID:2
Function:_Z2PERN3hls6streamIiLi0EEES2_S2_i ---> FID:3
CFGHierUserfilelist:[/home/ubuntu/VitisCodes/test2/testbench.cpp /home/ubuntu/VitisCodes/test2/systolic.cpp /home/ubuntu/VitisCodes/test2/test.cpp]
TopFunctionName:vector_add
Writing 'callgraphDemangle.dot'...Function:_Z10vector_addPiiS_iiS_ ---> FID:1
Function:_Z8rerArrayPiiS_iiS_ ---> FID:2
Function:_Z2PERN3hls6streamIiLi0EEES2_S2_i ---> FID:3

Writing 'cfg__GLOBAL__sub_I_testbench.cpp_csim.dot'...
Writing 'cfg___cxx_global_var_init_csim.dot'...
Writing 'cfg_main_csim.dot'...Function:_Z10vector_addPiiS_iiS_ ---> FID:1

Writing 'cfg__GLOBAL__sub_I_systolic.cpp_csim.dot'...
Writing 'cfg___cxx_global_var_init.2_csim.dot'...
Function:_Z2PERN3hls6streamIiLi0EEES2_S2_i ---> FID:3
Writing 'cfg_3_csim.dot'...
Writing 'cfg__ZN3hls6streamIiLi0EE4readEv_csim.dot'...
Writing 'cfg__ZN3hls6streamIiLi0EE5writeERKi_csim.dot'...
Writing 'cfg__ZN3hls10stream_mapILm4EE10get_entityEPv_csim.dot'...
Writing 'cfg__ZN3hls13stream_entityILm4EE5writeEPKv_csim.dot'...
Writing 'cfg__ZNSt5arrayIcLm4EE4dataEv_csim.dot'...
Writing 'cfg__ZNSt5dequeISt5arrayIcLm4EESaIS1_EE9push_backERKS1__csim.dot'...
Writing 'cfg__ZNKSt5dequeISt5arrayIcLm4EESaIS1_EE4sizeEv_csim.dot'...
Writing 'cfg__ZN3hls13stream_entityILm4EE4sizeEv_csim.dot'...
Writing 'cfg__ZStmiISt5arrayIcLm4EERS1_PS1_ENSt15_Deque_iteratorIT_T0_T1_E15difference_typeERKS8_SB__csim.dot'...
Writing 'cfg__ZNSt15_Deque_iteratorISt5arrayIcLm4EERS1_PS1_E14_S_buffer_sizeEv_csim.dot'...
Writing 'cfg__ZSt16__deque_buf_sizem_csim.dot'...
Writing 'cfg__ZNSt16allocator_traitsISaISt5arrayIcLm4EEEE9constructIS1_JRKS1_EEEvRS2_PT_DpOT0__csim.dot'...
Writing 'cfg__ZNSt5dequeISt5arrayIcLm4EESaIS1_EE16_M_push_back_auxIJRKS1_EEEvDpOT__csim.dot'...
Writing 'cfg__ZNSt5dequeISt5arrayIcLm4EESaIS1_EE22_M_reserve_map_at_backEm_csim.dot'...
Writing 'cfg__ZNSt11_Deque_baseISt5arrayIcLm4EESaIS1_EE16_M_allocate_nodeEv_csim.dot'...
Writing 'cfg__ZSt7forwardIRKSt5arrayIcLm4EEEOT_RNSt16remove_referenceIS4_E4typeE_csim.dot'...
Writing 'cfg__ZNSt15_Deque_iteratorISt5arrayIcLm4EERS1_PS1_E11_M_set_nodeEPS3__csim.dot'...
Writing 'cfg__ZNSt16allocator_traitsISaISt5arrayIcLm4EEEE8allocateERS2_m_csim.dot'...
Writing 'cfg__ZN9__gnu_cxx13new_allocatorISt5arrayIcLm4EEE8allocateEmPKv_csim.dot'...
Writing 'cfg__ZNK9__gnu_cxx13new_allocatorISt5arrayIcLm4EEE8max_sizeEv_csim.dot'...
Writing 'cfg__ZNSt5dequeISt5arrayIcLm4EESaIS1_EE17_M_reallocate_mapEmb_csim.dot'...
Writing 'cfg__ZSt4copyIPPSt5arrayIcLm4EES3_ET0_T_S5_S4__csim.dot'...
Writing 'cfg__ZSt13copy_backwardIPPSt5arrayIcLm4EES3_ET0_T_S5_S4__csim.dot'...
Writing 'cfg__ZSt3maxImERKT_S2_S2__csim.dot'...
Writing 'cfg__ZNSt11_Deque_baseISt5arrayIcLm4EESaIS1_EE15_M_allocate_mapEm_csim.dot'...
Writing 'cfg__ZNSt11_Deque_baseISt5arrayIcLm4EESaIS1_EE17_M_deallocate_mapEPPS1_m_csim.dot'...
Writing 'cfg__ZNKSt11_Deque_baseISt5arrayIcLm4EESaIS1_EE20_M_get_map_allocatorEv_csim.dot'...
Writing 'cfg__ZNSt16allocator_traitsISaIPSt5arrayIcLm4EEEE10deallocateERS3_PS2_m_csim.dot'...
Writing 'cfg__ZNSaIPSt5arrayIcLm4EEED2Ev_csim.dot'...
Writing 'cfg__ZN9__gnu_cxx13new_allocatorIPSt5arrayIcLm4EEED2Ev_csim.dot'...
Writing 'cfg__ZN9__gnu_cxx13new_allocatorIPSt5arrayIcLm4EEE10deallocateEPS3_m_csim.dot'...
Writing 'cfg__ZNKSt11_Deque_baseISt5arrayIcLm4EESaIS1_EE19_M_get_Tp_allocatorEv_csim.dot'...
Writing 'cfg__ZNSaIPSt5arrayIcLm4EEEC2IS0_EERKSaIT_E_csim.dot'...
Writing 'cfg__ZN9__gnu_cxx13new_allocatorIPSt5arrayIcLm4EEEC2Ev_csim.dot'...
Writing 'cfg__ZNSt16allocator_traitsISaIPSt5arrayIcLm4EEEE8allocateERS3_m_csim.dot'...
Writing 'cfg__ZN9__gnu_cxx13new_allocatorIPSt5arrayIcLm4EEE8allocateEmPKv_csim.dot'...
Writing 'cfg__ZNK9__gnu_cxx13new_allocatorIPSt5arrayIcLm4EEE8max_sizeEv_csim.dot'...
Writing 'cfg__ZSt12__miter_baseIPPSt5arrayIcLm4EEET_S4__csim.dot'...
Writing 'cfg__ZSt23__copy_move_backward_a2ILb0EPPSt5arrayIcLm4EES3_ET1_T0_S5_S4__csim.dot'...
Writing 'cfg__ZSt12__niter_baseIPPSt5arrayIcLm4EEET_S4__csim.dot'...
Writing 'cfg__ZSt22__copy_move_backward_aILb0EPPSt5arrayIcLm4EES3_ET1_T0_S5_S4__csim.dot'...
Writing 'cfg__ZNSt20__copy_move_backwardILb0ELb1ESt26random_access_iterator_tagE13__copy_move_bIPSt5arrayIcLm4EEEEPT_PKS6_S9_S7__csim.dot'...
Writing 'cfg__ZSt14__copy_move_a2ILb0EPPSt5arrayIcLm4EES3_ET1_T0_S5_S4__csim.dot'...
Writing 'cfg__ZSt13__copy_move_aILb0EPPSt5arrayIcLm4EES3_ET1_T0_S5_S4__csim.dot'...
Writing 'cfg__ZNSt11__copy_moveILb0ELb1ESt26random_access_iterator_tagE8__copy_mIPSt5arrayIcLm4EEEEPT_PKS6_S9_S7__csim.dot'...
Writing 'cfg__ZN9__gnu_cxx13new_allocatorISt5arrayIcLm4EEE9constructIS2_JRKS2_EEEvPT_DpOT0__csim.dot'...
Writing 'cfg__ZNSt14__array_traitsIcLm4EE6_S_ptrERA4_Kc_csim.dot'...
Writing 'cfg__ZN3hls10stream_mapILm4EE7get_mapEv_csim.dot'...
Writing 'cfg__ZNSt13unordered_mapIPvN3hls13stream_entityILm4EEESt4hashIS0_ESt8equal_toIS0_ESaISt4pairIKS0_S3_EEEixERS9__csim.dot'...
Writing 'cfg__ZNSt8__detail9_Map_baseIPvSt4pairIKS1_N3hls13stream_entityILm4EEEESaIS7_ENS_10_Select1stESt8equal_toIS1_ESt4hashIS1_ENS_18_Mod_range_hashingENS_20_Default_ranged_hashENS_20_Prime_rehash_policyENS_17_Hashtable_traitsILb0ELb0ELb1EEELb1EEixERS3__csim.dot'...  error opening file for writing!
Writing 'cfg__ZNKSt8__detail15_Hash_code_baseIPvSt4pairIKS1_N3hls13stream_entityILm4EEEENS_10_Select1stESt4hashIS1_ENS_18_Mod_range_hashingENS_20_Default_ranged_hashELb0EE12_M_hash_codeERS3__csim.dot'...
Writing 'cfg__ZNKSt10_HashtableIPvSt4pairIKS0_N3hls13stream_entityILm4EEEESaIS6_ENSt8__detail10_Select1stESt8equal_toIS0_ESt4hashIS0_ENS8_18_Mod_range_hashingENS8_20_Default_ranged_hashENS8_20_Prime_rehash_policyENS8_17_Hashtable_traitsILb0ELb0ELb1EEEE15_M_bucket_indexERS2_m_csim.dot'...  error opening file for writing!
Writing 'cfg__ZNKSt10_HashtableIPvSt4pairIKS0_N3hls13stream_entityILm4EEEESaIS6_ENSt8__detail10_Select1stESt8equal_toIS0_ESt4hashIS0_ENS8_18_Mod_range_hashingENS8_20_Default_ranged_hashENS8_20_Prime_rehash_policyENS8_17_Hashtable_traitsILb0ELb0ELb1EEEE12_M_find_nodeEmRS2_m_csim.dot'...  error opening file for writing!
Writing 'cfg__ZNSt5tupleIJRKPvEEC2IvLb1EEES2__csim.dot'...
Writing 'cfg__ZNSt8__detail16_Hashtable_allocISaINS_10_Hash_nodeISt4pairIKPvN3hls13stream_entityILm4EEEELb0EEEEE16_M_allocate_nodeIJRKSt21piecewise_construct_tSt5tupleIJRS4_EESG_IJEEEEEPS9_DpOT__csim.dot'...
Writing 'cfg__ZNSt10_HashtableIPvSt4pairIKS0_N3hls13stream_entityILm4EEEESaIS6_ENSt8__detail10_Select1stESt8equal_toIS0_ESt4hashIS0_ENS8_18_Mod_range_hashingENS8_20_Default_ranged_hashENS8_20_Prime_rehash_policyENS8_17_Hashtable_traitsILb0ELb0ELb1EEEE21_M_insert_unique_nodeEmmPNS8_10_Hash_nodeIS6_Lb0EEEm_csim.dot'...  error opening file for writing!
Writing 'cfg__ZNKSt8__detail14_Node_iteratorISt4pairIKPvN3hls13stream_entityILm4EEEELb0ELb0EEptEv_csim.dot'...
Writing 'cfg__ZNSt8__detail21_Hash_node_value_baseISt4pairIKPvN3hls13stream_entityILm4EEEEE4_M_vEv_csim.dot'...
Writing 'cfg__ZNSt8__detail21_Hash_node_value_baseISt4pairIKPvN3hls13stream_entityILm4EEEEE9_M_valptrEv_csim.dot'...
Writing 'cfg__ZN9__gnu_cxx16__aligned_bufferISt4pairIKPvN3hls13stream_entityILm4EEEEE6_M_ptrEv_csim.dot'...
Writing 'cfg__ZN9__gnu_cxx16__aligned_bufferISt4pairIKPvN3hls13stream_entityILm4EEEEE7_M_addrEv_csim.dot'...
Writing 'cfg__ZNKSt8__detail20_Prime_rehash_policy8_M_stateEv_csim.dot'...
Writing 'cfg__ZNSt10_HashtableIPvSt4pairIKS0_N3hls13stream_entityILm4EEEESaIS6_ENSt8__detail10_Select1stESt8equal_toIS0_ESt4hashIS0_ENS8_18_Mod_range_hashingENS8_20_Default_ranged_hashENS8_20_Prime_rehash_policyENS8_17_Hashtable_traitsILb0ELb0ELb1EEEE9_M_rehashEmRKm_csim.dot'...  error opening file for writing!
Writing 'cfg__ZNSt8__detail15_Hash_code_baseIPvSt4pairIKS1_N3hls13stream_entityILm4EEEENS_10_Select1stESt4hashIS1_ENS_18_Mod_range_hashingENS_20_Default_ranged_hashELb0EE10_M_extractEv_csim.dot'...
Writing 'cfg__ZNKSt8__detail10_Select1stclIRSt4pairIKPvN3hls13stream_entityILm4EEEEEEDTclsr3stdE3getIXLi0EEEclsr3stdE7forwardIT_Efp_EEEOSA__csim.dot'...
Writing 'cfg__ZNKSt8__detail15_Hash_code_baseIPvSt4pairIKS1_N3hls13stream_entityILm4EEEENS_10_Select1stESt4hashIS1_ENS_18_Mod_range_hashingENS_20_Default_ranged_hashELb0EE13_M_store_codeEPNS_10_Hash_nodeIS7_Lb0EEEm_csim.dot'...
Writing 'cfg__ZNSt10_HashtableIPvSt4pairIKS0_N3hls13stream_entityILm4EEEESaIS6_ENSt8__detail10_Select1stESt8equal_toIS0_ESt4hashIS0_ENS8_18_Mod_range_hashingENS8_20_Default_ranged_hashENS8_20_Prime_rehash_policyENS8_17_Hashtable_traitsILb0ELb0ELb1EEEE22_M_insert_bucket_beginEmPNS8_10_Hash_nodeIS6_Lb0EEE_csim.dot'...  error opening file for writing!
Writing 'cfg__ZNSt8__detail14_Node_iteratorISt4pairIKPvN3hls13stream_entityILm4EEEELb0ELb0EEC2EPNS_10_Hash_nodeIS7_Lb0EEE_csim.dot'...
Writing 'cfg__ZNSt8__detail19_Node_iterator_baseISt4pairIKPvN3hls13stream_entityILm4EEEELb0EEC2EPNS_10_Hash_nodeIS7_Lb0EEE_csim.dot'...
Writing 'cfg__ZNKSt8__detail10_Hash_nodeISt4pairIKPvN3hls13stream_entityILm4EEEELb0EE7_M_nextEv_csim.dot'...
Writing 'cfg__ZNKSt10_HashtableIPvSt4pairIKS0_N3hls13stream_entityILm4EEEESaIS6_ENSt8__detail10_Select1stESt8equal_toIS0_ESt4hashIS0_ENS8_18_Mod_range_hashingENS8_20_Default_ranged_hashENS8_20_Prime_rehash_policyENS8_17_Hashtable_traitsILb0ELb0ELb1EEEE15_M_bucket_indexEPNS8_10_Hash_nodeIS6_Lb0EEE_csim.dot'...  error opening file for writing!
Writing 'cfg__ZNKSt8__detail15_Hash_code_baseIPvSt4pairIKS1_N3hls13stream_entityILm4EEEENS_10_Select1stESt4hashIS1_ENS_18_Mod_range_hashingENS_20_Default_ranged_hashELb0EE15_M_bucket_indexEPKNS_10_Hash_nodeIS7_Lb0EEEm_csim.dot'...
Writing 'cfg__ZNKSt8__detail15_Hash_code_baseIPvSt4pairIKS1_N3hls13stream_entityILm4EEEENS_10_Select1stESt4hashIS1_ENS_18_Mod_range_hashingENS_20_Default_ranged_hashELb0EE5_M_h2Ev_csim.dot'...
Writing 'cfg__ZNKSt8__detail15_Hash_code_baseIPvSt4pairIKS1_N3hls13stream_entityILm4EEEENS_10_Select1stESt4hashIS1_ENS_18_Mod_range_hashingENS_20_Default_ranged_hashELb0EE5_M_h1Ev_csim.dot'...
Writing 'cfg__ZNKSt8__detail15_Hash_code_baseIPvSt4pairIKS1_N3hls13stream_entityILm4EEEENS_10_Select1stESt4hashIS1_ENS_18_Mod_range_hashingENS_20_Default_ranged_hashELb0EE10_M_extractEv_csim.dot'...
Writing 'cfg__ZNKSt8__detail21_Hash_node_value_baseISt4pairIKPvN3hls13stream_entityILm4EEEEE4_M_vEv_csim.dot'...
Writing 'cfg__ZNKSt8__detail10_Select1stclIRKSt4pairIKPvN3hls13stream_entityILm4EEEEEEDTclsr3stdE3getIXLi0EEEclsr3stdE7forwardIT_Efp_EEEOSB__csim.dot'...
Writing 'cfg__ZNKSt4hashIPvEclES0__csim.dot'...
Writing 'cfg__ZNKSt8__detail18_Mod_range_hashingclEmm_csim.dot'...
Writing 'cfg__ZSt7forwardIRKSt4pairIKPvN3hls13stream_entityILm4EEEEEOT_RNSt16remove_referenceIS9_E4typeE_csim.dot'...
Writing 'cfg__ZSt3getILm0EKPvN3hls13stream_entityILm4EEEERKNSt13tuple_elementIXT_ESt4pairIT0_T1_EE4typeERKS9__csim.dot'...
Writing 'cfg__ZNSt10__pair_getILm0EE11__const_getIKPvN3hls13stream_entityILm4EEEEERKT_RKSt4pairIS7_T0_E_csim.dot'...
Writing 'cfg__ZNKSt8__detail21_Hash_node_value_baseISt4pairIKPvN3hls13stream_entityILm4EEEEE9_M_valptrEv_csim.dot'...
Writing 'cfg__ZNK9__gnu_cxx16__aligned_bufferISt4pairIKPvN3hls13stream_entityILm4EEEEE6_M_ptrEv_csim.dot'...
Writing 'cfg__ZNK9__gnu_cxx16__aligned_bufferISt4pairIKPvN3hls13stream_entityILm4EEEEE7_M_addrEv_csim.dot'...
Writing 'cfg__ZNSt8__detail21_Hashtable_ebo_helperILi0ENS_10_Select1stELb1EE7_S_cgetERKS2__csim.dot'...
Writing 'cfg__ZNSt8__detail21_Hashtable_ebo_helperILi1ESt4hashIPvELb1EE7_S_cgetERKS4__csim.dot'...
Writing 'cfg__ZNSt8__detail21_Hashtable_ebo_helperILi2ENS_18_Mod_range_hashingELb1EE7_S_cgetERKS2__csim.dot'...
Writing 'cfg__ZSt7forwardIRSt4pairIKPvN3hls13stream_entityILm4EEEEEOT_RNSt16remove_referenceIS8_E4typeE_csim.dot'...
Writing 'cfg__ZSt3getILm0EKPvN3hls13stream_entityILm4EEEERNSt13tuple_elementIXT_ESt4pairIT0_T1_EE4typeERS9__csim.dot'...
Writing 'cfg__ZNSt10__pair_getILm0EE5__getIKPvN3hls13stream_entityILm4EEEEERT_RSt4pairIS7_T0_E_csim.dot'...
Writing 'cfg__ZNSt8__detail21_Hashtable_ebo_helperILi0ENS_10_Select1stELb1EE6_S_getERS2__csim.dot'...
Writing 'cfg__ZNSt10_HashtableIPvSt4pairIKS0_N3hls13stream_entityILm4EEEESaIS6_ENSt8__detail10_Select1stESt8equal_toIS0_ESt4hashIS0_ENS8_18_Mod_range_hashingENS8_20_Default_ranged_hashENS8_20_Prime_rehash_policyENS8_17_Hashtable_traitsILb0ELb0ELb1EEEE13_M_rehash_auxEmSt17integral_constantIbLb1EE_csim.dot'...  error opening file for writing!
Writing 'cfg__ZNSt10_HashtableIPvSt4pairIKS0_N3hls13stream_entityILm4EEEESaIS6_ENSt8__detail10_Select1stESt8equal_toIS0_ESt4hashIS0_ENS8_18_Mod_range_hashingENS8_20_Default_ranged_hashENS8_20_Prime_rehash_policyENS8_17_Hashtable_traitsILb0ELb0ELb1EEEE19_M_allocate_bucketsEm_csim.dot'...  error opening file for writing!
Writing 'cfg__ZNKSt10_HashtableIPvSt4pairIKS0_N3hls13stream_entityILm4EEEESaIS6_ENSt8__detail10_Select1stESt8equal_toIS0_ESt4hashIS0_ENS8_18_Mod_range_hashingENS8_20_Default_ranged_hashENS8_20_Prime_rehash_policyENS8_17_Hashtable_traitsILb0ELb0ELb1EEEE8_M_beginEv_csim.dot'...  error opening file for writing!
Writing 'cfg__ZNSt10_HashtableIPvSt4pairIKS0_N3hls13stream_entityILm4EEEESaIS6_ENSt8__detail10_Select1stESt8equal_toIS0_ESt4hashIS0_ENS8_18_Mod_range_hashingENS8_20_Default_ranged_hashENS8_20_Prime_rehash_policyENS8_17_Hashtable_traitsILb0ELb0ELb1EEEE21_M_deallocate_bucketsEv_csim.dot'...  error opening file for writing!
Writing 'cfg__ZNSt10_HashtableIPvSt4pairIKS0_N3hls13stream_entityILm4EEEESaIS6_ENSt8__detail10_Select1stESt8equal_toIS0_ESt4hashIS0_ENS8_18_Mod_range_hashingENS8_20_Default_ranged_hashENS8_20_Prime_rehash_policyENS8_17_Hashtable_traitsILb0ELb0ELb1EEEE21_M_deallocate_bucketsEPPNS8_15_Hash_node_baseEm_csim.dot'...  error opening file for writing!
Writing 'cfg__ZNKSt10_HashtableIPvSt4pairIKS0_N3hls13stream_entityILm4EEEESaIS6_ENSt8__detail10_Select1stESt8equal_toIS0_ESt4hashIS0_ENS8_18_Mod_range_hashingENS8_20_Default_ranged_hashENS8_20_Prime_rehash_policyENS8_17_Hashtable_traitsILb0ELb0ELb1EEEE21_M_uses_single_bucketEPPNS8_15_Hash_node_baseE_csim.dot'...  error opening file for writing!
Writing 'cfg__ZNSt8__detail16_Hashtable_allocISaINS_10_Hash_nodeISt4pairIKPvN3hls13stream_entityILm4EEEELb0EEEEE21_M_deallocate_bucketsEPPNS_15_Hash_node_baseEm_csim.dot'...
Writing 'cfg__ZNSt14pointer_traitsIPPNSt8__detail15_Hash_node_baseEE10pointer_toERS2__csim.dot'...
Writing 'cfg__ZNSt8__detail16_Hashtable_allocISaINS_10_Hash_nodeISt4pairIKPvN3hls13stream_entityILm4EEEELb0EEEEE17_M_node_allocatorEv_csim.dot'...
Writing 'cfg__ZNSaIPNSt8__detail15_Hash_node_baseEEC2INS_10_Hash_nodeISt4pairIKPvN3hls13stream_entityILm4EEEELb0EEEEERKSaIT_E_csim.dot'...
Writing 'cfg__ZNSt16allocator_traitsISaIPNSt8__detail15_Hash_node_baseEEE10deallocateERS3_PS2_m_csim.dot'...
Writing 'cfg__ZNSaIPNSt8__detail15_Hash_node_baseEED2Ev_csim.dot'...
Writing 'cfg__ZN9__gnu_cxx13new_allocatorIPNSt8__detail15_Hash_node_baseEED2Ev_csim.dot'...
Writing 'cfg__ZN9__gnu_cxx13new_allocatorIPNSt8__detail15_Hash_node_baseEE10deallocateEPS3_m_csim.dot'...
Writing 'cfg__ZN9__gnu_cxx13new_allocatorIPNSt8__detail15_Hash_node_baseEEC2Ev_csim.dot'...
Writing 'cfg__ZNSt8__detail21_Hashtable_ebo_helperILi0ESaINS_10_Hash_nodeISt4pairIKPvN3hls13stream_entityILm4EEEELb0EEEELb1EE6_S_getERSB__csim.dot'...
Writing 'cfg__ZSt9addressofIPNSt8__detail15_Hash_node_baseEEPT_RS3__csim.dot'...
Writing 'cfg__ZSt11__addressofIPNSt8__detail15_Hash_node_baseEEPT_RS3__csim.dot'...
Writing 'cfg__ZNSt8__detail16_Hashtable_allocISaINS_10_Hash_nodeISt4pairIKPvN3hls13stream_entityILm4EEEELb0EEEEE19_M_allocate_bucketsEm_csim.dot'...
Writing 'cfg__ZNSt16allocator_traitsISaIPNSt8__detail15_Hash_node_baseEEE8allocateERS3_m_csim.dot'...
Writing 'cfg__ZSt12__to_addressIPNSt8__detail15_Hash_node_baseEEPT_S4__csim.dot'...
Writing 'cfg__ZN9__gnu_cxx13new_allocatorIPNSt8__detail15_Hash_node_baseEE8allocateEmPKv_csim.dot'...
Writing 'cfg__ZNK9__gnu_cxx13new_allocatorIPNSt8__detail15_Hash_node_baseEE8max_sizeEv_csim.dot'...
Writing 'cfg__ZNSt16allocator_traitsISaINSt8__detail10_Hash_nodeISt4pairIKPvN3hls13stream_entityILm4EEEELb0EEEEE8allocateERSA_m_csim.dot'...
Writing 'cfg__ZSt12__to_addressINSt8__detail10_Hash_nodeISt4pairIKPvN3hls13stream_entityILm4EEEELb0EEEEPT_SB__csim.dot'...
Writing 'cfg__ZNSt8__detail10_Hash_nodeISt4pairIKPvN3hls13stream_entityILm4EEEELb0EEC2Ev_csim.dot'...
Writing 'cfg__ZSt7forwardIRKSt21piecewise_construct_tEOT_RNSt16remove_referenceIS3_E4typeE_csim.dot'...
Writing 'cfg__ZSt7forwardISt5tupleIJRKPvEEEOT_RNSt16remove_referenceIS5_E4typeE_csim.dot'...
Writing 'cfg__ZSt7forwardISt5tupleIJEEEOT_RNSt16remove_referenceIS2_E4typeE_csim.dot'...
Writing 'cfg__ZNSt16allocator_traitsISaINSt8__detail10_Hash_nodeISt4pairIKPvN3hls13stream_entityILm4EEEELb0EEEEE9constructIS8_JRKSt21piecewise_construct_tSt5tupleIJRS4_EESG_IJEEEEEvRSA_PT_DpOT0__csim.dot'...
Writing 'cfg__ZN9__gnu_cxx13new_allocatorINSt8__detail10_Hash_nodeISt4pairIKPvN3hls13stream_entityILm4EEEELb0EEEE9constructIS9_JRKSt21piecewise_construct_tSt5tupleIJRS5_EESG_IJEEEEEvPT_DpOT0__csim.dot'...
Writing 'cfg__ZNSt5tupleIJRKPvEEC2EOS3__csim.dot'...
Writing 'cfg__ZNSt4pairIKPvN3hls13stream_entityILm4EEEEC2IJRS1_EJEEESt21piecewise_construct_tSt5tupleIJDpT_EES9_IJDpT0_EE_csim.dot'...
Writing 'cfg__ZNSt4pairIKPvN3hls13stream_entityILm4EEEEC2IJRS1_EJLm0EEJEJEEERSt5tupleIJDpT_EERS8_IJDpT1_EESt12_Index_tupleIJXspT0_EEESH_IJXspT2_EEE_csim.dot'...
Writing 'cfg__ZSt3getILm0EJRKPvEERNSt13tuple_elementIXT_ESt5tupleIJDpT0_EEE4typeERS7__csim.dot'...
Writing 'cfg__ZSt7forwardIRKPvEOT_RNSt16remove_referenceIS3_E4typeE_csim.dot'...
Writing 'cfg__ZN3hls13stream_entityILm4EEC2Ev_csim.dot'...
Writing 'cfg__ZNSt5dequeISt5arrayIcLm4EESaIS1_EEC2Ev_csim.dot'...
Writing 'cfg__ZNSt11_Deque_baseISt5arrayIcLm4EESaIS1_EEC2Ev_csim.dot'...
Writing 'cfg__ZNSt11_Deque_baseISt5arrayIcLm4EESaIS1_EE11_Deque_implC2Ev_csim.dot'...
Writing 'cfg__ZNSt11_Deque_baseISt5arrayIcLm4EESaIS1_EE17_M_initialize_mapEm_csim.dot'...
Writing 'cfg__ZNSt11_Deque_baseISt5arrayIcLm4EESaIS1_EE15_M_create_nodesEPPS1_S5__csim.dot'...
Writing 'cfg__ZNSaISt5arrayIcLm4EEEC2Ev_csim.dot'...
Writing 'cfg__ZNSt15_Deque_iteratorISt5arrayIcLm4EERS1_PS1_EC2Ev_csim.dot'...
Writing 'cfg__ZN9__gnu_cxx13new_allocatorISt5arrayIcLm4EEEC2Ev_csim.dot'...
Writing 'cfg__ZSt12__get_helperILm0ERKPvJEERT0_RSt11_Tuple_implIXT_EJS3_DpT1_EE_csim.dot'...
Writing 'cfg__ZNSt11_Tuple_implILm0EJRKPvEE7_M_headERS3__csim.dot'...
Writing 'cfg__ZNSt10_Head_baseILm0ERKPvLb0EE7_M_headERS3__csim.dot'...
Writing 'cfg__ZNSt11_Tuple_implILm0EJRKPvEEC2EOS3__csim.dot'...
Writing 'cfg__ZNSt10_Head_baseILm0ERKPvLb0EEC2ES2__csim.dot'...
Writing 'cfg__ZNSt8__detail21_Hash_node_value_baseISt4pairIKPvN3hls13stream_entityILm4EEEEEC2Ev_csim.dot'...
Writing 'cfg__ZNSt8__detail15_Hash_node_baseC2Ev_csim.dot'...
Writing 'cfg__ZN9__gnu_cxx13new_allocatorINSt8__detail10_Hash_nodeISt4pairIKPvN3hls13stream_entityILm4EEEELb0EEEE8allocateEmPKv_csim.dot'...
Writing 'cfg__ZNK9__gnu_cxx13new_allocatorINSt8__detail10_Hash_nodeISt4pairIKPvN3hls13stream_entityILm4EEEELb0EEEE8max_sizeEv_csim.dot'...
Writing 'cfg__ZNSt11_Tuple_implILm0EJRKPvEEC2ES2__csim.dot'...
Writing 'cfg__ZNKSt10_HashtableIPvSt4pairIKS0_N3hls13stream_entityILm4EEEESaIS6_ENSt8__detail10_Select1stESt8equal_toIS0_ESt4hashIS0_ENS8_18_Mod_range_hashingENS8_20_Default_ranged_hashENS8_20_Prime_rehash_policyENS8_17_Hashtable_traitsILb0ELb0ELb1EEEE19_M_find_before_nodeEmRS2_m_csim.dot'...  error opening file for writing!
Writing 'cfg__ZNKSt8__detail15_Hashtable_baseIPvSt4pairIKS1_N3hls13stream_entityILm4EEEENS_10_Select1stESt8equal_toIS1_ESt4hashIS1_ENS_18_Mod_range_hashingENS_20_Default_ranged_hashENS_17_Hashtable_traitsILb0ELb0ELb1EEEE9_M_equalsERS3_mPNS_10_Hash_nodeIS7_Lb0EEE_csim.dot'...  error opening file for writing!
Writing 'cfg__ZNKSt8__detail15_Hashtable_baseIPvSt4pairIKS1_N3hls13stream_entityILm4EEEENS_10_Select1stESt8equal_toIS1_ESt4hashIS1_ENS_18_Mod_range_hashingENS_20_Default_ranged_hashENS_17_Hashtable_traitsILb0ELb0ELb1EEEE5_M_eqEv_csim.dot'...
Writing 'cfg__ZNSt8__detail13_Equal_helperIPvSt4pairIKS1_N3hls13stream_entityILm4EEEENS_10_Select1stESt8equal_toIS1_EmLb0EE9_S_equalsERKSA_RKS8_RS3_mPNS_10_Hash_nodeIS7_Lb0EEE_csim.dot'...
Writing 'cfg__ZNKSt8equal_toIPvEclERKS0_S3__csim.dot'...
Writing 'cfg__ZNSt8__detail21_Hashtable_ebo_helperILi0ESt8equal_toIPvELb1EE7_S_cgetERKS4__csim.dot'...
Writing 'cfg__ZNKSt8__detail15_Hash_code_baseIPvSt4pairIKS1_N3hls13stream_entityILm4EEEENS_10_Select1stESt4hashIS1_ENS_18_Mod_range_hashingENS_20_Default_ranged_hashELb0EE15_M_bucket_indexERS3_mm_csim.dot'...
Writing 'cfg__ZNSt13unordered_mapIPvN3hls13stream_entityILm4EEESt4hashIS0_ESt8equal_toIS0_ESaISt4pairIKS0_S3_EEEC2Ev_csim.dot'...
Writing 'cfg__ZNSt10_HashtableIPvSt4pairIKS0_N3hls13stream_entityILm4EEEESaIS6_ENSt8__detail10_Select1stESt8equal_toIS0_ESt4hashIS0_ENS8_18_Mod_range_hashingENS8_20_Default_ranged_hashENS8_20_Prime_rehash_policyENS8_17_Hashtable_traitsILb0ELb0ELb1EEEEC2Ev_csim.dot'...
Writing 'cfg__ZNSt8__detail16_Hashtable_allocISaINS_10_Hash_nodeISt4pairIKPvN3hls13stream_entityILm4EEEELb0EEEEEC2Ev_csim.dot'...
Writing 'cfg__ZNSt8__detail20_Prime_rehash_policyC2Ef_csim.dot'...
Writing 'cfg__ZNSt8__detail21_Hashtable_ebo_helperILi0ESaINS_10_Hash_nodeISt4pairIKPvN3hls13stream_entityILm4EEEELb0EEEELb1EEC2Ev_csim.dot'...
Writing 'cfg__ZNSaINSt8__detail10_Hash_nodeISt4pairIKPvN3hls13stream_entityILm4EEEELb0EEEEC2Ev_csim.dot'...
Writing 'cfg__ZN9__gnu_cxx13new_allocatorINSt8__detail10_Hash_nodeISt4pairIKPvN3hls13stream_entityILm4EEEELb0EEEEC2Ev_csim.dot'...
Writing 'cfg__ZN3hls13stream_entityILm4EE4readEPv_csim.dot'...
Writing 'cfg__ZNKSt5dequeISt5arrayIcLm4EESaIS1_EE5emptyEv_csim.dot'...
Writing 'cfg__ZNSt5dequeISt5arrayIcLm4EESaIS1_EE5frontEv_csim.dot'...
Writing 'cfg__ZNSt5dequeISt5arrayIcLm4EESaIS1_EE9pop_frontEv_csim.dot'...
Writing 'cfg__ZNSt16allocator_traitsISaISt5arrayIcLm4EEEE7destroyIS1_EEvRS2_PT__csim.dot'...
Writing 'cfg__ZNSt5dequeISt5arrayIcLm4EESaIS1_EE16_M_pop_front_auxEv_csim.dot'...
Writing 'cfg__ZNSt11_Deque_baseISt5arrayIcLm4EESaIS1_EE19_M_get_Tp_allocatorEv_csim.dot'...
Writing 'cfg__ZNSt11_Deque_baseISt5arrayIcLm4EESaIS1_EE18_M_deallocate_nodeEPS1__csim.dot'...
Writing 'cfg__ZNSt16allocator_traitsISaISt5arrayIcLm4EEEE10deallocateERS2_PS1_m_csim.dot'...
Writing 'cfg__ZN9__gnu_cxx13new_allocatorISt5arrayIcLm4EEE10deallocateEPS2_m_csim.dot'...
Writing 'cfg__ZN9__gnu_cxx13new_allocatorISt5arrayIcLm4EEE7destroyIS2_EEvPT__csim.dot'...
Writing 'cfg__ZNSt5dequeISt5arrayIcLm4EESaIS1_EE5beginEv_csim.dot'...
Writing 'cfg__ZNKSt15_Deque_iteratorISt5arrayIcLm4EERS1_PS1_EdeEv_csim.dot'...
Writing 'cfg__ZNSt15_Deque_iteratorISt5arrayIcLm4EERS1_PS1_EC2ERKS4__csim.dot'...
Writing 'cfg__ZSteqISt5arrayIcLm4EERS1_PS1_EbRKSt15_Deque_iteratorIT_T0_T1_ESA__csim.dot'...
Function:_Z8rerArrayPiiS_iiS_ ---> FID:2
Writing 'cfg_2_csim.dot'...Function:_Z2PERN3hls6streamIiLi0EEES2_S2_i ---> FID:3

Writing 'cfg__ZN3hls6streamIiLi0EEC2Ev_csim.dot'...
Writing 'cfg__ZN3hls6streamIiLi0EED2Ev_csim.dot'...
Writing 'cfg__ZN3hls6streamIiLi0EE5emptyEv_csim.dot'...
Writing 'cfg__ZN3hls6streamIiLi0EE4sizeEv_csim.dot'...
Writing 'cfg__ZN3hls6streamIiLi0EE16register_handlerEv_csim.dot'...
Writing 'cfg__ZStorSt13_Ios_OpenmodeS__csim.dot'...
Writing 'cfg__ZNKSt9type_info4nameEv_csim.dot'...
Writing 'cfg__ZN3hls10stream_mapILm4EE11get_counterEv_csim.dot'...
Writing 'cfg__ZN3hls10stream_mapILm4EE6insertEPvRKNSt7__cxx1112basic_stringIcSt11char_traitsIcESaIcEEE_csim.dot'...
Writing 'cfg__ZNSt13unordered_mapIPvN3hls13stream_entityILm4EEESt4hashIS0_ESt8equal_toIS0_ESaISt4pairIKS0_S3_EEE5eraseERS9__csim.dot'...
Writing 'cfg__ZNSt10_HashtableIPvSt4pairIKS0_N3hls13stream_entityILm4EEEESaIS6_ENSt8__detail10_Select1stESt8equal_toIS0_ESt4hashIS0_ENS8_18_Mod_range_hashingENS8_20_Default_ranged_hashENS8_20_Prime_rehash_policyENS8_17_Hashtable_traitsILb0ELb0ELb1EEEE5eraseERS2__csim.dot'...  error opening file for writing!
Writing 'cfg__ZNSt10_HashtableIPvSt4pairIKS0_N3hls13stream_entityILm4EEEESaIS6_ENSt8__detail10_Select1stESt8equal_toIS0_ESt4hashIS0_ENS8_18_Mod_range_hashingENS8_20_Default_ranged_hashENS8_20_Prime_rehash_policyENS8_17_Hashtable_traitsILb0ELb0ELb1EEEE8_M_eraseESt17integral_constantIbLb1EERS2__csim.dot'...  error opening file for writing!
Writing 'cfg__ZNSt10_HashtableIPvSt4pairIKS0_N3hls13stream_entityILm4EEEESaIS6_ENSt8__detail10_Select1stESt8equal_toIS0_ESt4hashIS0_ENS8_18_Mod_range_hashingENS8_20_Default_ranged_hashENS8_20_Prime_rehash_policyENS8_17_Hashtable_traitsILb0ELb0ELb1EEEE8_M_eraseEmPNS8_15_Hash_node_baseEPNS8_10_Hash_nodeIS6_Lb0EEE_csim.dot'...  error opening file for writing!
Writing 'cfg__ZNSt10_HashtableIPvSt4pairIKS0_N3hls13stream_entityILm4EEEESaIS6_ENSt8__detail10_Select1stESt8equal_toIS0_ESt4hashIS0_ENS8_18_Mod_range_hashingENS8_20_Default_ranged_hashENS8_20_Prime_rehash_policyENS8_17_Hashtable_traitsILb0ELb0ELb1EEEE22_M_remove_bucket_beginEmPNS8_10_Hash_nodeIS6_Lb0EEEm_csim.dot'...  error opening file for writing!
Writing 'cfg__ZNSt8__detail16_Hashtable_allocISaINS_10_Hash_nodeISt4pairIKPvN3hls13stream_entityILm4EEEELb0EEEEE18_M_deallocate_nodeEPS9__csim.dot'...
Writing 'cfg__ZNSt14pointer_traitsIPNSt8__detail10_Hash_nodeISt4pairIKPvN3hls13stream_entityILm4EEEELb0EEEE10pointer_toERS9__csim.dot'...
Writing 'cfg__ZNSt16allocator_traitsISaINSt8__detail10_Hash_nodeISt4pairIKPvN3hls13stream_entityILm4EEEELb0EEEEE7destroyIS8_EEvRSA_PT__csim.dot'...
Writing 'cfg__ZNSt16allocator_traitsISaINSt8__detail10_Hash_nodeISt4pairIKPvN3hls13stream_entityILm4EEEELb0EEEEE10deallocateERSA_PS9_m_csim.dot'...
Writing 'cfg__ZN9__gnu_cxx13new_allocatorINSt8__detail10_Hash_nodeISt4pairIKPvN3hls13stream_entityILm4EEEELb0EEEE10deallocateEPSA_m_csim.dot'...
Writing 'cfg__ZN9__gnu_cxx13new_allocatorINSt8__detail10_Hash_nodeISt4pairIKPvN3hls13stream_entityILm4EEEELb0EEEE7destroyIS9_EEvPT__csim.dot'...
Writing 'cfg__ZNSt4pairIKPvN3hls13stream_entityILm4EEEED2Ev_csim.dot'...
Writing 'cfg__ZN3hls13stream_entityILm4EED2Ev_csim.dot'...
Writing 'cfg__ZNSt5dequeISt5arrayIcLm4EESaIS1_EED2Ev_csim.dot'...
Writing 'cfg__ZNSt5dequeISt5arrayIcLm4EESaIS1_EE3endEv_csim.dot'...
Writing 'cfg__ZNSt5dequeISt5arrayIcLm4EESaIS1_EE15_M_destroy_dataESt15_Deque_iteratorIS1_RS1_PS1_ES7_RKS2__csim.dot'...
Writing 'cfg__ZNSt11_Deque_baseISt5arrayIcLm4EESaIS1_EED2Ev_csim.dot'...
Writing 'cfg__ZNSt11_Deque_baseISt5arrayIcLm4EESaIS1_EE16_M_destroy_nodesEPPS1_S5__csim.dot'...
Writing 'cfg__ZNSt11_Deque_baseISt5arrayIcLm4EESaIS1_EE11_Deque_implD2Ev_csim.dot'...
Writing 'cfg__ZNSaISt5arrayIcLm4EEED2Ev_csim.dot'...
Writing 'cfg__ZN9__gnu_cxx13new_allocatorISt5arrayIcLm4EEED2Ev_csim.dot'...
Writing 'cfg__ZSt9addressofINSt8__detail10_Hash_nodeISt4pairIKPvN3hls13stream_entityILm4EEEELb0EEEEPT_RSA__csim.dot'...
Writing 'cfg__ZSt11__addressofINSt8__detail10_Hash_nodeISt4pairIKPvN3hls13stream_entityILm4EEEELb0EEEEPT_RSA__csim.dot'...
Writing 'cfg__ZN3hlsL14stream_handlerEv_csim.dot'...
Writing 'cfg__GLOBAL__sub_I_test.cpp_csim.dot'...
Writing 'cfg___cxx_global_var_init.5_csim.dot'...
Writing 'cfg__Z3muxRA2_N3hls6streamIiLi16EEERNS0_IiLi0EEE_csim.dot'...
Writing 'cfg__ZN3hls6streamIiLi0EE4readERi_csim.dot'...
Writing 'cfg__Z5demuxRN3hls6streamIiLi0EEERA2_NS0_IiLi16EEE_csim.dot'...
Function:_Z10vector_addPiiS_iiS_ ---> FID:1
Writing 'cfg_1_csim.dot'...Function:_Z8rerArrayPiiS_iiS_ ---> FID:2

