

================================================================
== Vitis HLS Report for 'rerArray'
================================================================
* Date:           Wed Nov  2 17:32:52 2022

* Version:        2022.1 (Build 3526262 on Mon Apr 18 15:48:16 MDT 2022)
* Project:        cgcn
* Solution:       solution1 (Vivado IP Flow Target)
* Product family: zynq
* Target device:  xc7z010-clg400-2


================================================================
== Performance Estimates
================================================================
+ Timing: 
    * Summary: 
    +--------+----------+----------+------------+
    |  Clock |  Target  | Estimated| Uncertainty|
    +--------+----------+----------+------------+
    |ap_clk  |  10.00 ns|  7.050 ns|     2.70 ns|
    +--------+----------+----------+------------+

+ Latency: 
    * Summary: 
    +---------+---------+----------+----------+-----+-----+----------+
    |  Latency (cycles) |  Latency (absolute) |  Interval | Pipeline |
    |   min   |   max   |    min   |    max   | min | max |   Type   |
    +---------+---------+----------+----------+-----+-----+----------+
    |        ?|        ?|         ?|         ?|    ?|    ?|  dataflow|
    +---------+---------+----------+----------+-----+-----+----------+

    + Detail: 
        * Instance: 
        +------------------------------------+---------------------------------+---------+---------+----------+----------+-----+-----+---------+
        |                                    |                                 |  Latency (cycles) |  Latency (absolute) |  Interval | Pipeline|
        |              Instance              |              Module             |   min   |   max   |    min   |    max   | min | max |   Type  |
        +------------------------------------+---------------------------------+---------+---------+----------+----------+-----+-----+---------+
        |rerArray_Loop_compute_col_proc2_U0  |rerArray_Loop_compute_col_proc2  |        ?|        ?|         ?|         ?|    ?|    ?|       no|
        |entry_proc_U0                       |entry_proc                       |        0|        0|      0 ns|      0 ns|    0|    0|       no|
        |rerArray_Loop_input_batch_proc3_U0  |rerArray_Loop_input_batch_proc3  |        ?|        ?|         ?|         ?|    ?|    ?|       no|
        +------------------------------------+---------------------------------+---------+---------+----------+----------+-----+-----+---------+

        * Loop: 
        N/A



================================================================
== Utilization Estimates
================================================================
* Summary: 
+-----------------+---------+----+-------+-------+-----+
|       Name      | BRAM_18K| DSP|   FF  |  LUT  | URAM|
+-----------------+---------+----+-------+-------+-----+
|DSP              |        -|   -|      -|      -|    -|
|Expression       |        -|   -|      0|      6|    -|
|FIFO             |        -|   -|  38511|  26452|    -|
|Instance         |        1|   6|   1801|  17074|    0|
|Memory           |        -|   -|      -|      -|    -|
|Multiplexer      |        -|   -|      -|     18|    -|
|Register         |        -|   -|      2|      -|    -|
+-----------------+---------+----+-------+-------+-----+
|Total            |        1|   6|  40314|  43550|    0|
+-----------------+---------+----+-------+-------+-----+
|Available        |      120|  80|  35200|  17600|    0|
+-----------------+---------+----+-------+-------+-----+
|Utilization (%)  |       ~0|   7|    114|    247|    0|
+-----------------+---------+----+-------+-------+-----+

+ Detail: 
    * Instance: 
    +------------------------------------+---------------------------------+---------+----+------+------+-----+
    |              Instance              |              Module             | BRAM_18K| DSP|  FF  |  LUT | URAM|
    +------------------------------------+---------------------------------+---------+----+------+------+-----+
    |entry_proc_U0                       |entry_proc                       |        0|   0|     3|    46|    0|
    |rerArray_Loop_compute_col_proc2_U0  |rerArray_Loop_compute_col_proc2  |        0|   3|   798|  7812|    0|
    |rerArray_Loop_input_batch_proc3_U0  |rerArray_Loop_input_batch_proc3  |        1|   3|  1000|  9216|    0|
    +------------------------------------+---------------------------------+---------+----+------+------+-----+
    |Total                               |                                 |        1|   6|  1801| 17074|    0|
    +------------------------------------+---------------------------------+---------+----+------+------+-----+

    * DSP: 
    N/A

    * Memory: 
    N/A

    * FIFO: 
    +-----------------------+---------+-----+----+-----+------+-----+---------+
    |          Name         | BRAM_18K|  FF | LUT| URAM| Depth| Bits| Size:D*B|
    +-----------------------+---------+-----+----+-----+------+-----+---------+
    |featrue_length_c_U     |        0|   99|   0|    -|     2|   32|       64|
    |node_cnt_c_U           |        0|   99|   0|    -|     3|   32|       96|
    |output_0_0_U           |        0|   99|   0|    -|     2|   32|       64|
    |output_0_10_U          |        0|   99|   0|    -|     2|   32|       64|
    |output_0_11_U          |        0|   99|   0|    -|     2|   32|       64|
    |output_0_12_U          |        0|   99|   0|    -|     2|   32|       64|
    |output_0_13_U          |        0|   99|   0|    -|     2|   32|       64|
    |output_0_14_U          |        0|   99|   0|    -|     2|   32|       64|
    |output_0_15_U          |        0|   99|   0|    -|     2|   32|       64|
    |output_0_16_U          |        0|   99|   0|    -|     2|   32|       64|
    |output_0_17_U          |        0|   99|   0|    -|     2|   32|       64|
    |output_0_18_U          |        0|   99|   0|    -|     2|   32|       64|
    |output_0_19_U          |        0|   99|   0|    -|     2|   32|       64|
    |output_0_1_U           |        0|   99|   0|    -|     2|   32|       64|
    |output_0_20_U          |        0|   99|   0|    -|     2|   32|       64|
    |output_0_21_U          |        0|   99|   0|    -|     2|   32|       64|
    |output_0_22_U          |        0|   99|   0|    -|     2|   32|       64|
    |output_0_23_U          |        0|   99|   0|    -|     2|   32|       64|
    |output_0_24_U          |        0|   99|   0|    -|     2|   32|       64|
    |output_0_25_U          |        0|   99|   0|    -|     2|   32|       64|
    |output_0_26_U          |        0|   99|   0|    -|     2|   32|       64|
    |output_0_27_U          |        0|   99|   0|    -|     2|   32|       64|
    |output_0_28_U          |        0|   99|   0|    -|     2|   32|       64|
    |output_0_29_U          |        0|   99|   0|    -|     2|   32|       64|
    |output_0_2_U           |        0|   99|   0|    -|     2|   32|       64|
    |output_0_30_U          |        0|   99|   0|    -|     2|   32|       64|
    |output_0_31_U          |        0|   99|   0|    -|     2|   32|       64|
    |output_0_3_U           |        0|   99|   0|    -|     2|   32|       64|
    |output_0_4_U           |        0|   99|   0|    -|     2|   32|       64|
    |output_0_5_U           |        0|   99|   0|    -|     2|   32|       64|
    |output_0_6_U           |        0|   99|   0|    -|     2|   32|       64|
    |output_0_7_U           |        0|   99|   0|    -|     2|   32|       64|
    |output_0_8_U           |        0|   99|   0|    -|     2|   32|       64|
    |output_0_9_U           |        0|   99|   0|    -|     2|   32|       64|
    |output_1_0_U           |        0|   99|   0|    -|     2|   32|       64|
    |output_1_10_U          |        0|   99|   0|    -|     2|   32|       64|
    |output_1_11_U          |        0|   99|   0|    -|     2|   32|       64|
    |output_1_12_U          |        0|   99|   0|    -|     2|   32|       64|
    |output_1_13_U          |        0|   99|   0|    -|     2|   32|       64|
    |output_1_14_U          |        0|   99|   0|    -|     2|   32|       64|
    |output_1_15_U          |        0|   99|   0|    -|     2|   32|       64|
    |output_1_16_U          |        0|   99|   0|    -|     2|   32|       64|
    |output_1_17_U          |        0|   99|   0|    -|     2|   32|       64|
    |output_1_18_U          |        0|   99|   0|    -|     2|   32|       64|
    |output_1_19_U          |        0|   99|   0|    -|     2|   32|       64|
    |output_1_1_U           |        0|   99|   0|    -|     2|   32|       64|
    |output_1_20_U          |        0|   99|   0|    -|     2|   32|       64|
    |output_1_21_U          |        0|   99|   0|    -|     2|   32|       64|
    |output_1_22_U          |        0|   99|   0|    -|     2|   32|       64|
    |output_1_23_U          |        0|   99|   0|    -|     2|   32|       64|
    |output_1_24_U          |        0|   99|   0|    -|     2|   32|       64|
    |output_1_25_U          |        0|   99|   0|    -|     2|   32|       64|
    |output_1_26_U          |        0|   99|   0|    -|     2|   32|       64|
    |output_1_27_U          |        0|   99|   0|    -|     2|   32|       64|
    |output_1_28_U          |        0|   99|   0|    -|     2|   32|       64|
    |output_1_29_U          |        0|   99|   0|    -|     2|   32|       64|
    |output_1_2_U           |        0|   99|   0|    -|     2|   32|       64|
    |output_1_30_U          |        0|   99|   0|    -|     2|   32|       64|
    |output_1_31_U          |        0|   99|   0|    -|     2|   32|       64|
    |output_1_3_U           |        0|   99|   0|    -|     2|   32|       64|
    |output_1_4_U           |        0|   99|   0|    -|     2|   32|       64|
    |output_1_5_U           |        0|   99|   0|    -|     2|   32|       64|
    |output_1_6_U           |        0|   99|   0|    -|     2|   32|       64|
    |output_1_7_U           |        0|   99|   0|    -|     2|   32|       64|
    |output_1_8_U           |        0|   99|   0|    -|     2|   32|       64|
    |output_1_9_U           |        0|   99|   0|    -|     2|   32|       64|
    |output_2_0_U           |        0|   99|   0|    -|     2|   32|       64|
    |output_2_10_U          |        0|   99|   0|    -|     2|   32|       64|
    |output_2_11_U          |        0|   99|   0|    -|     2|   32|       64|
    |output_2_12_U          |        0|   99|   0|    -|     2|   32|       64|
    |output_2_13_U          |        0|   99|   0|    -|     2|   32|       64|
    |output_2_14_U          |        0|   99|   0|    -|     2|   32|       64|
    |output_2_15_U          |        0|   99|   0|    -|     2|   32|       64|
    |output_2_16_U          |        0|   99|   0|    -|     2|   32|       64|
    |output_2_17_U          |        0|   99|   0|    -|     2|   32|       64|
    |output_2_18_U          |        0|   99|   0|    -|     2|   32|       64|
    |output_2_19_U          |        0|   99|   0|    -|     2|   32|       64|
    |output_2_1_U           |        0|   99|   0|    -|     2|   32|       64|
    |output_2_20_U          |        0|   99|   0|    -|     2|   32|       64|
    |output_2_21_U          |        0|   99|   0|    -|     2|   32|       64|
    |output_2_22_U          |        0|   99|   0|    -|     2|   32|       64|
    |output_2_23_U          |        0|   99|   0|    -|     2|   32|       64|
    |output_2_24_U          |        0|   99|   0|    -|     2|   32|       64|
    |output_2_25_U          |        0|   99|   0|    -|     2|   32|       64|
    |output_2_26_U          |        0|   99|   0|    -|     2|   32|       64|
    |output_2_27_U          |        0|   99|   0|    -|     2|   32|       64|
    |output_2_28_U          |        0|   99|   0|    -|     2|   32|       64|
    |output_2_29_U          |        0|   99|   0|    -|     2|   32|       64|
    |output_2_2_U           |        0|   99|   0|    -|     2|   32|       64|
    |output_2_30_U          |        0|   99|   0|    -|     2|   32|       64|
    |output_2_31_U          |        0|   99|   0|    -|     2|   32|       64|
    |output_2_3_U           |        0|   99|   0|    -|     2|   32|       64|
    |output_2_4_U           |        0|   99|   0|    -|     2|   32|       64|
    |output_2_5_U           |        0|   99|   0|    -|     2|   32|       64|
    |output_2_6_U           |        0|   99|   0|    -|     2|   32|       64|
    |output_2_7_U           |        0|   99|   0|    -|     2|   32|       64|
    |output_2_8_U           |        0|   99|   0|    -|     2|   32|       64|
    |output_2_9_U           |        0|   99|   0|    -|     2|   32|       64|
    |output_3_0_U           |        0|   99|   0|    -|     2|   32|       64|
    |output_3_10_U          |        0|   99|   0|    -|     2|   32|       64|
    |output_3_11_U          |        0|   99|   0|    -|     2|   32|       64|
    |output_3_12_U          |        0|   99|   0|    -|     2|   32|       64|
    |output_3_13_U          |        0|   99|   0|    -|     2|   32|       64|
    |output_3_14_U          |        0|   99|   0|    -|     2|   32|       64|
    |output_3_15_U          |        0|   99|   0|    -|     2|   32|       64|
    |output_3_16_U          |        0|   99|   0|    -|     2|   32|       64|
    |output_3_17_U          |        0|   99|   0|    -|     2|   32|       64|
    |output_3_18_U          |        0|   99|   0|    -|     2|   32|       64|
    |output_3_19_U          |        0|   99|   0|    -|     2|   32|       64|
    |output_3_1_U           |        0|   99|   0|    -|     2|   32|       64|
    |output_3_20_U          |        0|   99|   0|    -|     2|   32|       64|
    |output_3_21_U          |        0|   99|   0|    -|     2|   32|       64|
    |output_3_22_U          |        0|   99|   0|    -|     2|   32|       64|
    |output_3_23_U          |        0|   99|   0|    -|     2|   32|       64|
    |output_3_24_U          |        0|   99|   0|    -|     2|   32|       64|
    |output_3_25_U          |        0|   99|   0|    -|     2|   32|       64|
    |output_3_26_U          |        0|   99|   0|    -|     2|   32|       64|
    |output_3_27_U          |        0|   99|   0|    -|     2|   32|       64|
    |output_3_28_U          |        0|   99|   0|    -|     2|   32|       64|
    |output_3_29_U          |        0|   99|   0|    -|     2|   32|       64|
    |output_3_2_U           |        0|   99|   0|    -|     2|   32|       64|
    |output_3_30_U          |        0|   99|   0|    -|     2|   32|       64|
    |output_3_31_U          |        0|   99|   0|    -|     2|   32|       64|
    |output_3_3_U           |        0|   99|   0|    -|     2|   32|       64|
    |output_3_4_U           |        0|   99|   0|    -|     2|   32|       64|
    |output_3_5_U           |        0|   99|   0|    -|     2|   32|       64|
    |output_3_6_U           |        0|   99|   0|    -|     2|   32|       64|
    |output_3_7_U           |        0|   99|   0|    -|     2|   32|       64|
    |output_3_8_U           |        0|   99|   0|    -|     2|   32|       64|
    |output_3_9_U           |        0|   99|   0|    -|     2|   32|       64|
    |output_size_c_U        |        0|   99|   0|    -|     2|   32|       64|
    |p_read1_c_U            |        0|   99|   0|    -|     3|   32|       96|
    |p_read_c_U             |        0|   99|   0|    -|     3|   32|       96|
    |property_input_0_0_U   |        0|   99|   0|    -|     2|   32|       64|
    |property_input_0_10_U  |        0|   99|   0|    -|     2|   32|       64|
    |property_input_0_11_U  |        0|   99|   0|    -|     2|   32|       64|
    |property_input_0_12_U  |        0|   99|   0|    -|     2|   32|       64|
    |property_input_0_13_U  |        0|   99|   0|    -|     2|   32|       64|
    |property_input_0_14_U  |        0|   99|   0|    -|     2|   32|       64|
    |property_input_0_15_U  |        0|   99|   0|    -|     2|   32|       64|
    |property_input_0_16_U  |        0|   99|   0|    -|     2|   32|       64|
    |property_input_0_17_U  |        0|   99|   0|    -|     2|   32|       64|
    |property_input_0_18_U  |        0|   99|   0|    -|     2|   32|       64|
    |property_input_0_19_U  |        0|   99|   0|    -|     2|   32|       64|
    |property_input_0_1_U   |        0|   99|   0|    -|     2|   32|       64|
    |property_input_0_20_U  |        0|   99|   0|    -|     2|   32|       64|
    |property_input_0_21_U  |        0|   99|   0|    -|     2|   32|       64|
    |property_input_0_22_U  |        0|   99|   0|    -|     2|   32|       64|
    |property_input_0_23_U  |        0|   99|   0|    -|     2|   32|       64|
    |property_input_0_24_U  |        0|   99|   0|    -|     2|   32|       64|
    |property_input_0_25_U  |        0|   99|   0|    -|     2|   32|       64|
    |property_input_0_26_U  |        0|   99|   0|    -|     2|   32|       64|
    |property_input_0_27_U  |        0|   99|   0|    -|     2|   32|       64|
    |property_input_0_28_U  |        0|   99|   0|    -|     2|   32|       64|
    |property_input_0_29_U  |        0|   99|   0|    -|     2|   32|       64|
    |property_input_0_2_U   |        0|   99|   0|    -|     2|   32|       64|
    |property_input_0_30_U  |        0|   99|   0|    -|     2|   32|       64|
    |property_input_0_31_U  |        0|   99|   0|    -|     2|   32|       64|
    |property_input_0_3_U   |        0|   99|   0|    -|     2|   32|       64|
    |property_input_0_4_U   |        0|   99|   0|    -|     2|   32|       64|
    |property_input_0_5_U   |        0|   99|   0|    -|     2|   32|       64|
    |property_input_0_6_U   |        0|   99|   0|    -|     2|   32|       64|
    |property_input_0_7_U   |        0|   99|   0|    -|     2|   32|       64|
    |property_input_0_8_U   |        0|   99|   0|    -|     2|   32|       64|
    |property_input_0_9_U   |        0|   99|   0|    -|     2|   32|       64|
    |property_input_1_0_U   |        0|   99|   0|    -|     2|   32|       64|
    |property_input_1_10_U  |        0|   99|   0|    -|     2|   32|       64|
    |property_input_1_11_U  |        0|   99|   0|    -|     2|   32|       64|
    |property_input_1_12_U  |        0|   99|   0|    -|     2|   32|       64|
    |property_input_1_13_U  |        0|   99|   0|    -|     2|   32|       64|
    |property_input_1_14_U  |        0|   99|   0|    -|     2|   32|       64|
    |property_input_1_15_U  |        0|   99|   0|    -|     2|   32|       64|
    |property_input_1_16_U  |        0|   99|   0|    -|     2|   32|       64|
    |property_input_1_17_U  |        0|   99|   0|    -|     2|   32|       64|
    |property_input_1_18_U  |        0|   99|   0|    -|     2|   32|       64|
    |property_input_1_19_U  |        0|   99|   0|    -|     2|   32|       64|
    |property_input_1_1_U   |        0|   99|   0|    -|     2|   32|       64|
    |property_input_1_20_U  |        0|   99|   0|    -|     2|   32|       64|
    |property_input_1_21_U  |        0|   99|   0|    -|     2|   32|       64|
    |property_input_1_22_U  |        0|   99|   0|    -|     2|   32|       64|
    |property_input_1_23_U  |        0|   99|   0|    -|     2|   32|       64|
    |property_input_1_24_U  |        0|   99|   0|    -|     2|   32|       64|
    |property_input_1_25_U  |        0|   99|   0|    -|     2|   32|       64|
    |property_input_1_26_U  |        0|   99|   0|    -|     2|   32|       64|
    |property_input_1_27_U  |        0|   99|   0|    -|     2|   32|       64|
    |property_input_1_28_U  |        0|   99|   0|    -|     2|   32|       64|
    |property_input_1_29_U  |        0|   99|   0|    -|     2|   32|       64|
    |property_input_1_2_U   |        0|   99|   0|    -|     2|   32|       64|
    |property_input_1_30_U  |        0|   99|   0|    -|     2|   32|       64|
    |property_input_1_31_U  |        0|   99|   0|    -|     2|   32|       64|
    |property_input_1_3_U   |        0|   99|   0|    -|     2|   32|       64|
    |property_input_1_4_U   |        0|   99|   0|    -|     2|   32|       64|
    |property_input_1_5_U   |        0|   99|   0|    -|     2|   32|       64|
    |property_input_1_6_U   |        0|   99|   0|    -|     2|   32|       64|
    |property_input_1_7_U   |        0|   99|   0|    -|     2|   32|       64|
    |property_input_1_8_U   |        0|   99|   0|    -|     2|   32|       64|
    |property_input_1_9_U   |        0|   99|   0|    -|     2|   32|       64|
    |property_input_2_0_U   |        0|   99|   0|    -|     2|   32|       64|
    |property_input_2_10_U  |        0|   99|   0|    -|     2|   32|       64|
    |property_input_2_11_U  |        0|   99|   0|    -|     2|   32|       64|
    |property_input_2_12_U  |        0|   99|   0|    -|     2|   32|       64|
    |property_input_2_13_U  |        0|   99|   0|    -|     2|   32|       64|
    |property_input_2_14_U  |        0|   99|   0|    -|     2|   32|       64|
    |property_input_2_15_U  |        0|   99|   0|    -|     2|   32|       64|
    |property_input_2_16_U  |        0|   99|   0|    -|     2|   32|       64|
    |property_input_2_17_U  |        0|   99|   0|    -|     2|   32|       64|
    |property_input_2_18_U  |        0|   99|   0|    -|     2|   32|       64|
    |property_input_2_19_U  |        0|   99|   0|    -|     2|   32|       64|
    |property_input_2_1_U   |        0|   99|   0|    -|     2|   32|       64|
    |property_input_2_20_U  |        0|   99|   0|    -|     2|   32|       64|
    |property_input_2_21_U  |        0|   99|   0|    -|     2|   32|       64|
    |property_input_2_22_U  |        0|   99|   0|    -|     2|   32|       64|
    |property_input_2_23_U  |        0|   99|   0|    -|     2|   32|       64|
    |property_input_2_24_U  |        0|   99|   0|    -|     2|   32|       64|
    |property_input_2_25_U  |        0|   99|   0|    -|     2|   32|       64|
    |property_input_2_26_U  |        0|   99|   0|    -|     2|   32|       64|
    |property_input_2_27_U  |        0|   99|   0|    -|     2|   32|       64|
    |property_input_2_28_U  |        0|   99|   0|    -|     2|   32|       64|
    |property_input_2_29_U  |        0|   99|   0|    -|     2|   32|       64|
    |property_input_2_2_U   |        0|   99|   0|    -|     2|   32|       64|
    |property_input_2_30_U  |        0|   99|   0|    -|     2|   32|       64|
    |property_input_2_31_U  |        0|   99|   0|    -|     2|   32|       64|
    |property_input_2_3_U   |        0|   99|   0|    -|     2|   32|       64|
    |property_input_2_4_U   |        0|   99|   0|    -|     2|   32|       64|
    |property_input_2_5_U   |        0|   99|   0|    -|     2|   32|       64|
    |property_input_2_6_U   |        0|   99|   0|    -|     2|   32|       64|
    |property_input_2_7_U   |        0|   99|   0|    -|     2|   32|       64|
    |property_input_2_8_U   |        0|   99|   0|    -|     2|   32|       64|
    |property_input_2_9_U   |        0|   99|   0|    -|     2|   32|       64|
    |property_input_3_0_U   |        0|   99|   0|    -|     2|   32|       64|
    |property_input_3_10_U  |        0|   99|   0|    -|     2|   32|       64|
    |property_input_3_11_U  |        0|   99|   0|    -|     2|   32|       64|
    |property_input_3_12_U  |        0|   99|   0|    -|     2|   32|       64|
    |property_input_3_13_U  |        0|   99|   0|    -|     2|   32|       64|
    |property_input_3_14_U  |        0|   99|   0|    -|     2|   32|       64|
    |property_input_3_15_U  |        0|   99|   0|    -|     2|   32|       64|
    |property_input_3_16_U  |        0|   99|   0|    -|     2|   32|       64|
    |property_input_3_17_U  |        0|   99|   0|    -|     2|   32|       64|
    |property_input_3_18_U  |        0|   99|   0|    -|     2|   32|       64|
    |property_input_3_19_U  |        0|   99|   0|    -|     2|   32|       64|
    |property_input_3_1_U   |        0|   99|   0|    -|     2|   32|       64|
    |property_input_3_20_U  |        0|   99|   0|    -|     2|   32|       64|
    |property_input_3_21_U  |        0|   99|   0|    -|     2|   32|       64|
    |property_input_3_22_U  |        0|   99|   0|    -|     2|   32|       64|
    |property_input_3_23_U  |        0|   99|   0|    -|     2|   32|       64|
    |property_input_3_24_U  |        0|   99|   0|    -|     2|   32|       64|
    |property_input_3_25_U  |        0|   99|   0|    -|     2|   32|       64|
    |property_input_3_26_U  |        0|   99|   0|    -|     2|   32|       64|
    |property_input_3_27_U  |        0|   99|   0|    -|     2|   32|       64|
    |property_input_3_28_U  |        0|   99|   0|    -|     2|   32|       64|
    |property_input_3_29_U  |        0|   99|   0|    -|     2|   32|       64|
    |property_input_3_2_U   |        0|   99|   0|    -|     2|   32|       64|
    |property_input_3_30_U  |        0|   99|   0|    -|     2|   32|       64|
    |property_input_3_31_U  |        0|   99|   0|    -|     2|   32|       64|
    |property_input_3_3_U   |        0|   99|   0|    -|     2|   32|       64|
    |property_input_3_4_U   |        0|   99|   0|    -|     2|   32|       64|
    |property_input_3_5_U   |        0|   99|   0|    -|     2|   32|       64|
    |property_input_3_6_U   |        0|   99|   0|    -|     2|   32|       64|
    |property_input_3_7_U   |        0|   99|   0|    -|     2|   32|       64|
    |property_input_3_8_U   |        0|   99|   0|    -|     2|   32|       64|
    |property_input_3_9_U   |        0|   99|   0|    -|     2|   32|       64|
    |weight_input_0_0_U     |        0|   99|   0|    -|     2|   32|       64|
    |weight_input_0_10_U    |        0|   99|   0|    -|     2|   32|       64|
    |weight_input_0_11_U    |        0|   99|   0|    -|     2|   32|       64|
    |weight_input_0_12_U    |        0|   99|   0|    -|     2|   32|       64|
    |weight_input_0_13_U    |        0|   99|   0|    -|     2|   32|       64|
    |weight_input_0_14_U    |        0|   99|   0|    -|     2|   32|       64|
    |weight_input_0_15_U    |        0|   99|   0|    -|     2|   32|       64|
    |weight_input_0_16_U    |        0|   99|   0|    -|     2|   32|       64|
    |weight_input_0_17_U    |        0|   99|   0|    -|     2|   32|       64|
    |weight_input_0_18_U    |        0|   99|   0|    -|     2|   32|       64|
    |weight_input_0_19_U    |        0|   99|   0|    -|     2|   32|       64|
    |weight_input_0_1_U     |        0|   99|   0|    -|     2|   32|       64|
    |weight_input_0_20_U    |        0|   99|   0|    -|     2|   32|       64|
    |weight_input_0_21_U    |        0|   99|   0|    -|     2|   32|       64|
    |weight_input_0_22_U    |        0|   99|   0|    -|     2|   32|       64|
    |weight_input_0_23_U    |        0|   99|   0|    -|     2|   32|       64|
    |weight_input_0_24_U    |        0|   99|   0|    -|     2|   32|       64|
    |weight_input_0_25_U    |        0|   99|   0|    -|     2|   32|       64|
    |weight_input_0_26_U    |        0|   99|   0|    -|     2|   32|       64|
    |weight_input_0_27_U    |        0|   99|   0|    -|     2|   32|       64|
    |weight_input_0_28_U    |        0|   99|   0|    -|     2|   32|       64|
    |weight_input_0_29_U    |        0|   99|   0|    -|     2|   32|       64|
    |weight_input_0_2_U     |        0|   99|   0|    -|     2|   32|       64|
    |weight_input_0_30_U    |        0|   99|   0|    -|     2|   32|       64|
    |weight_input_0_31_U    |        0|   99|   0|    -|     2|   32|       64|
    |weight_input_0_3_U     |        0|   99|   0|    -|     2|   32|       64|
    |weight_input_0_4_U     |        0|   99|   0|    -|     2|   32|       64|
    |weight_input_0_5_U     |        0|   99|   0|    -|     2|   32|       64|
    |weight_input_0_6_U     |        0|   99|   0|    -|     2|   32|       64|
    |weight_input_0_7_U     |        0|   99|   0|    -|     2|   32|       64|
    |weight_input_0_8_U     |        0|   99|   0|    -|     2|   32|       64|
    |weight_input_0_9_U     |        0|   99|   0|    -|     2|   32|       64|
    |weight_input_1_0_U     |        0|   99|   0|    -|     2|   32|       64|
    |weight_input_1_10_U    |        0|   99|   0|    -|     2|   32|       64|
    |weight_input_1_11_U    |        0|   99|   0|    -|     2|   32|       64|
    |weight_input_1_12_U    |        0|   99|   0|    -|     2|   32|       64|
    |weight_input_1_13_U    |        0|   99|   0|    -|     2|   32|       64|
    |weight_input_1_14_U    |        0|   99|   0|    -|     2|   32|       64|
    |weight_input_1_15_U    |        0|   99|   0|    -|     2|   32|       64|
    |weight_input_1_16_U    |        0|   99|   0|    -|     2|   32|       64|
    |weight_input_1_17_U    |        0|   99|   0|    -|     2|   32|       64|
    |weight_input_1_18_U    |        0|   99|   0|    -|     2|   32|       64|
    |weight_input_1_19_U    |        0|   99|   0|    -|     2|   32|       64|
    |weight_input_1_1_U     |        0|   99|   0|    -|     2|   32|       64|
    |weight_input_1_20_U    |        0|   99|   0|    -|     2|   32|       64|
    |weight_input_1_21_U    |        0|   99|   0|    -|     2|   32|       64|
    |weight_input_1_22_U    |        0|   99|   0|    -|     2|   32|       64|
    |weight_input_1_23_U    |        0|   99|   0|    -|     2|   32|       64|
    |weight_input_1_24_U    |        0|   99|   0|    -|     2|   32|       64|
    |weight_input_1_25_U    |        0|   99|   0|    -|     2|   32|       64|
    |weight_input_1_26_U    |        0|   99|   0|    -|     2|   32|       64|
    |weight_input_1_27_U    |        0|   99|   0|    -|     2|   32|       64|
    |weight_input_1_28_U    |        0|   99|   0|    -|     2|   32|       64|
    |weight_input_1_29_U    |        0|   99|   0|    -|     2|   32|       64|
    |weight_input_1_2_U     |        0|   99|   0|    -|     2|   32|       64|
    |weight_input_1_30_U    |        0|   99|   0|    -|     2|   32|       64|
    |weight_input_1_31_U    |        0|   99|   0|    -|     2|   32|       64|
    |weight_input_1_3_U     |        0|   99|   0|    -|     2|   32|       64|
    |weight_input_1_4_U     |        0|   99|   0|    -|     2|   32|       64|
    |weight_input_1_5_U     |        0|   99|   0|    -|     2|   32|       64|
    |weight_input_1_6_U     |        0|   99|   0|    -|     2|   32|       64|
    |weight_input_1_7_U     |        0|   99|   0|    -|     2|   32|       64|
    |weight_input_1_8_U     |        0|   99|   0|    -|     2|   32|       64|
    |weight_input_1_9_U     |        0|   99|   0|    -|     2|   32|       64|
    |weight_input_2_0_U     |        0|   99|   0|    -|     2|   32|       64|
    |weight_input_2_10_U    |        0|   99|   0|    -|     2|   32|       64|
    |weight_input_2_11_U    |        0|   99|   0|    -|     2|   32|       64|
    |weight_input_2_12_U    |        0|   99|   0|    -|     2|   32|       64|
    |weight_input_2_13_U    |        0|   99|   0|    -|     2|   32|       64|
    |weight_input_2_14_U    |        0|   99|   0|    -|     2|   32|       64|
    |weight_input_2_15_U    |        0|   99|   0|    -|     2|   32|       64|
    |weight_input_2_16_U    |        0|   99|   0|    -|     2|   32|       64|
    |weight_input_2_17_U    |        0|   99|   0|    -|     2|   32|       64|
    |weight_input_2_18_U    |        0|   99|   0|    -|     2|   32|       64|
    |weight_input_2_19_U    |        0|   99|   0|    -|     2|   32|       64|
    |weight_input_2_1_U     |        0|   99|   0|    -|     2|   32|       64|
    |weight_input_2_20_U    |        0|   99|   0|    -|     2|   32|       64|
    |weight_input_2_21_U    |        0|   99|   0|    -|     2|   32|       64|
    |weight_input_2_22_U    |        0|   99|   0|    -|     2|   32|       64|
    |weight_input_2_23_U    |        0|   99|   0|    -|     2|   32|       64|
    |weight_input_2_24_U    |        0|   99|   0|    -|     2|   32|       64|
    |weight_input_2_25_U    |        0|   99|   0|    -|     2|   32|       64|
    |weight_input_2_26_U    |        0|   99|   0|    -|     2|   32|       64|
    |weight_input_2_27_U    |        0|   99|   0|    -|     2|   32|       64|
    |weight_input_2_28_U    |        0|   99|   0|    -|     2|   32|       64|
    |weight_input_2_29_U    |        0|   99|   0|    -|     2|   32|       64|
    |weight_input_2_2_U     |        0|   99|   0|    -|     2|   32|       64|
    |weight_input_2_30_U    |        0|   99|   0|    -|     2|   32|       64|
    |weight_input_2_31_U    |        0|   99|   0|    -|     2|   32|       64|
    |weight_input_2_3_U     |        0|   99|   0|    -|     2|   32|       64|
    |weight_input_2_4_U     |        0|   99|   0|    -|     2|   32|       64|
    |weight_input_2_5_U     |        0|   99|   0|    -|     2|   32|       64|
    |weight_input_2_6_U     |        0|   99|   0|    -|     2|   32|       64|
    |weight_input_2_7_U     |        0|   99|   0|    -|     2|   32|       64|
    |weight_input_2_8_U     |        0|   99|   0|    -|     2|   32|       64|
    |weight_input_2_9_U     |        0|   99|   0|    -|     2|   32|       64|
    |weight_input_3_0_U     |        0|   99|   0|    -|     2|   32|       64|
    |weight_input_3_10_U    |        0|   99|   0|    -|     2|   32|       64|
    |weight_input_3_11_U    |        0|   99|   0|    -|     2|   32|       64|
    |weight_input_3_12_U    |        0|   99|   0|    -|     2|   32|       64|
    |weight_input_3_13_U    |        0|   99|   0|    -|     2|   32|       64|
    |weight_input_3_14_U    |        0|   99|   0|    -|     2|   32|       64|
    |weight_input_3_15_U    |        0|   99|   0|    -|     2|   32|       64|
    |weight_input_3_16_U    |        0|   99|   0|    -|     2|   32|       64|
    |weight_input_3_17_U    |        0|   99|   0|    -|     2|   32|       64|
    |weight_input_3_18_U    |        0|   99|   0|    -|     2|   32|       64|
    |weight_input_3_19_U    |        0|   99|   0|    -|     2|   32|       64|
    |weight_input_3_1_U     |        0|   99|   0|    -|     2|   32|       64|
    |weight_input_3_20_U    |        0|   99|   0|    -|     2|   32|       64|
    |weight_input_3_21_U    |        0|   99|   0|    -|     2|   32|       64|
    |weight_input_3_22_U    |        0|   99|   0|    -|     2|   32|       64|
    |weight_input_3_23_U    |        0|   99|   0|    -|     2|   32|       64|
    |weight_input_3_24_U    |        0|   99|   0|    -|     2|   32|       64|
    |weight_input_3_25_U    |        0|   99|   0|    -|     2|   32|       64|
    |weight_input_3_26_U    |        0|   99|   0|    -|     2|   32|       64|
    |weight_input_3_27_U    |        0|   99|   0|    -|     2|   32|       64|
    |weight_input_3_28_U    |        0|   99|   0|    -|     2|   32|       64|
    |weight_input_3_29_U    |        0|   99|   0|    -|     2|   32|       64|
    |weight_input_3_2_U     |        0|   99|   0|    -|     2|   32|       64|
    |weight_input_3_30_U    |        0|   99|   0|    -|     2|   32|       64|
    |weight_input_3_31_U    |        0|   99|   0|    -|     2|   32|       64|
    |weight_input_3_3_U     |        0|   99|   0|    -|     2|   32|       64|
    |weight_input_3_4_U     |        0|   99|   0|    -|     2|   32|       64|
    |weight_input_3_5_U     |        0|   99|   0|    -|     2|   32|       64|
    |weight_input_3_6_U     |        0|   99|   0|    -|     2|   32|       64|
    |weight_input_3_7_U     |        0|   99|   0|    -|     2|   32|       64|
    |weight_input_3_8_U     |        0|   99|   0|    -|     2|   32|       64|
    |weight_input_3_9_U     |        0|   99|   0|    -|     2|   32|       64|
    +-----------------------+---------+-----+----+-----+------+-----+---------+
    |Total                  |        0|38511|   0|    0|   781|12448|    24992|
    +-----------------------+---------+-----+----+-----+------+-----+---------+

    * Expression: 
    +-----------------------------------------------------+----------+----+---+----+------------+------------+
    |                    Variable Name                    | Operation| DSP| FF| LUT| Bitwidth P0| Bitwidth P1|
    +-----------------------------------------------------+----------+----+---+----+------------+------------+
    |ap_idle                                              |       and|   0|  0|   1|           1|           1|
    |ap_sync_ready                                        |       and|   0|  0|   1|           1|           1|
    |entry_proc_U0_ap_start                               |       and|   0|  0|   1|           1|           1|
    |rerArray_Loop_compute_col_proc2_U0_ap_start          |       and|   0|  0|   1|           1|           1|
    |ap_sync_entry_proc_U0_ap_ready                       |        or|   0|  0|   1|           1|           1|
    |ap_sync_rerArray_Loop_compute_col_proc2_U0_ap_ready  |        or|   0|  0|   1|           1|           1|
    +-----------------------------------------------------+----------+----+---+----+------------+------------+
    |Total                                                |          |   0|  0|   6|           6|           6|
    +-----------------------------------------------------+----------+----+---+----+------------+------------+

    * Multiplexer: 
    +---------------------------------------------------------+----+-----------+-----+-----------+
    |                           Name                          | LUT| Input Size| Bits| Total Bits|
    +---------------------------------------------------------+----+-----------+-----+-----------+
    |ap_sync_reg_entry_proc_U0_ap_ready                       |   9|          2|    1|          2|
    |ap_sync_reg_rerArray_Loop_compute_col_proc2_U0_ap_ready  |   9|          2|    1|          2|
    +---------------------------------------------------------+----+-----------+-----+-----------+
    |Total                                                    |  18|          4|    2|          4|
    +---------------------------------------------------------+----+-----------+-----+-----------+

    * Register: 
    +---------------------------------------------------------+---+----+-----+-----------+
    |                           Name                          | FF| LUT| Bits| Const Bits|
    +---------------------------------------------------------+---+----+-----+-----------+
    |ap_sync_reg_entry_proc_U0_ap_ready                       |  1|   0|    1|          0|
    |ap_sync_reg_rerArray_Loop_compute_col_proc2_U0_ap_ready  |  1|   0|    1|          0|
    +---------------------------------------------------------+---+----+-----+-----------+
    |Total                                                    |  2|   0|    2|          0|
    +---------------------------------------------------------+---+----+-----+-----------+



================================================================
== Interface
================================================================
* Summary: 
+-----------------------+-----+-----+------------+----------------+--------------+
|       RTL Ports       | Dir | Bits|  Protocol  |  Source Object |    C Type    |
+-----------------------+-----+-----+------------+----------------+--------------+
|p_read                 |   in|   32|     ap_none|          p_read|        scalar|
|p_read_ap_vld          |   in|    1|     ap_none|          p_read|        scalar|
|featrue_length         |   in|   32|     ap_none|  featrue_length|        scalar|
|featrue_length_ap_vld  |   in|    1|     ap_none|  featrue_length|        scalar|
|p_read1                |   in|   32|     ap_none|         p_read1|        scalar|
|p_read1_ap_vld         |   in|    1|     ap_none|         p_read1|        scalar|
|output_size            |   in|   32|     ap_none|     output_size|        scalar|
|output_size_ap_vld     |   in|    1|     ap_none|     output_size|        scalar|
|node_cnt               |   in|   32|     ap_none|        node_cnt|        scalar|
|node_cnt_ap_vld        |   in|    1|     ap_none|        node_cnt|        scalar|
|output_data            |  out|   32|      ap_vld|     output_data|       pointer|
|output_data_ap_vld     |  out|    1|      ap_vld|     output_data|       pointer|
|ap_clk                 |   in|    1|  ap_ctrl_hs|        rerArray|  return value|
|ap_rst                 |   in|    1|  ap_ctrl_hs|        rerArray|  return value|
|ap_start               |   in|    1|  ap_ctrl_hs|        rerArray|  return value|
|ap_done                |  out|    1|  ap_ctrl_hs|        rerArray|  return value|
|ap_ready               |  out|    1|  ap_ctrl_hs|        rerArray|  return value|
|ap_idle                |  out|    1|  ap_ctrl_hs|        rerArray|  return value|
|ap_continue            |   in|    1|  ap_ctrl_hs|        rerArray|  return value|
+-----------------------+-----+-----+------------+----------------+--------------+

